-------------------------------------------------------------------------------
Test set: com.FlipKart.Test.CheckEndToEndFunctionalityTest
-------------------------------------------------------------------------------
Tests run: 4, Failures: 1, Errors: 0, Skipped: 0, Time elapsed: 60.403 sec <<< FAILURE!
test_3_LoginWithCorrectCredentials(com.FlipKart.Test.CheckEndToEndFunctionalityTest)  Time elapsed: 5.646 sec  <<< FAILURE!
java.lang.AssertionError: The following asserts failed:
	***** test_3_ In FlipKart application the user name is incorrect ***** expected [true] but found [false]
	at org.testng.asserts.SoftAssert.assertAll(SoftAssert.java:43)
	at com.FlipKart.Test.CheckEndToEndFunctionalityTest.test_3_LoginWithCorrectCredentials(CheckEndToEndFunctionalityTest.java:60)

