<?xml version="1.0" encoding="UTF-8"?>
<testng-results skipped="0" failed="1" total="4" passed="3">
  <reporter-output>
  </reporter-output>
  <suite name="com.FlipKart.Test.CheckEndToEndFunctionalityTest" duration-ms="52935" started-at="2018-05-21T06:23:43Z" finished-at="2018-05-21T06:24:36Z">
    <groups>
    </groups>
    <test name="Command line test" duration-ms="52935" started-at="2018-05-21T06:23:43Z" finished-at="2018-05-21T06:24:36Z">
      <class name="com.FlipKart.Test.CheckEndToEndFunctionalityTest">
        <test-method status="PASS" signature="launchBrowser()[pri:0, instance:com.FlipKart.Test.CheckEndToEndFunctionalityTest@13a57a3b]" name="launchBrowser" is-config="true" duration-ms="27956" started-at="2018-05-21T11:53:43Z" finished-at="2018-05-21T11:54:11Z">
          <reporter-output>
          </reporter-output>
        </test-method> <!-- launchBrowser -->
        <test-method status="PASS" signature="test_1_LaunchTheBrowser()[pri:1, instance:com.FlipKart.Test.CheckEndToEndFunctionalityTest@13a57a3b]" name="test_1_LaunchTheBrowser" duration-ms="9002" started-at="2018-05-21T11:54:11Z" finished-at="2018-05-21T11:54:20Z">
          <reporter-output>
          </reporter-output>
        </test-method> <!-- test_1_LaunchTheBrowser -->
        <test-method status="PASS" signature="tearDown(org.testng.ITestResult)[pri:0, instance:com.FlipKart.Test.CheckEndToEndFunctionalityTest@13a57a3b]" name="tearDown" is-config="true" duration-ms="5" started-at="2018-05-21T11:54:20Z" finished-at="2018-05-21T11:54:20Z">
          <params>
            <param index="0">
              <value>
                <![CDATA[[TestResult name=test_1_LaunchTheBrowser status=SUCCESS method=CheckEndToEndFunctionalityTest.test_1_LaunchTheBrowser()[pri:1, instance:com.FlipKart.Test.CheckEndToEndFunctionalityTest@13a57a3b] output={null}]]]>
              </value>
            </param>
          </params>
          <reporter-output>
          </reporter-output>
        </test-method> <!-- tearDown -->
        <test-method status="PASS" signature="logoutMethod()[pri:0, instance:com.FlipKart.Test.CheckEndToEndFunctionalityTest@13a57a3b]" name="logoutMethod" is-config="true" duration-ms="0" started-at="2018-05-21T11:54:20Z" finished-at="2018-05-21T11:54:20Z">
          <reporter-output>
          </reporter-output>
        </test-method> <!-- logoutMethod -->
        <test-method status="PASS" signature="test_2_LoginWithIncorrectCredentials()[pri:5, instance:com.FlipKart.Test.CheckEndToEndFunctionalityTest@13a57a3b]" name="test_2_LoginWithIncorrectCredentials" duration-ms="1033" started-at="2018-05-21T11:54:20Z" finished-at="2018-05-21T11:54:21Z">
          <reporter-output>
          </reporter-output>
        </test-method> <!-- test_2_LoginWithIncorrectCredentials -->
        <test-method status="PASS" signature="logoutMethod()[pri:0, instance:com.FlipKart.Test.CheckEndToEndFunctionalityTest@13a57a3b]" name="logoutMethod" is-config="true" duration-ms="1" started-at="2018-05-21T11:54:21Z" finished-at="2018-05-21T11:54:21Z">
          <reporter-output>
          </reporter-output>
        </test-method> <!-- logoutMethod -->
        <test-method status="PASS" signature="tearDown(org.testng.ITestResult)[pri:0, instance:com.FlipKart.Test.CheckEndToEndFunctionalityTest@13a57a3b]" name="tearDown" is-config="true" duration-ms="0" started-at="2018-05-21T11:54:21Z" finished-at="2018-05-21T11:54:21Z">
          <params>
            <param index="0">
              <value>
                <![CDATA[[TestResult name=test_2_LoginWithIncorrectCredentials status=SUCCESS method=CheckEndToEndFunctionalityTest.test_2_LoginWithIncorrectCredentials()[pri:5, instance:com.FlipKart.Test.CheckEndToEndFunctionalityTest@13a57a3b] output={null}]]]>
              </value>
            </param>
          </params>
          <reporter-output>
          </reporter-output>
        </test-method> <!-- tearDown -->
        <test-method status="FAIL" signature="test_3_LoginWithCorrectCredentials()[pri:10, instance:com.FlipKart.Test.CheckEndToEndFunctionalityTest@13a57a3b]" name="test_3_LoginWithCorrectCredentials" duration-ms="5595" started-at="2018-05-21T11:54:21Z" finished-at="2018-05-21T11:54:26Z">
          <exception class="java.lang.AssertionError">
            <message>
              <![CDATA[The following asserts failed:
	***** test_3_ In FlipKart application the user name is incorrect ***** expected [true] but found [false]]]>
            </message>
            <full-stacktrace>
              <![CDATA[java.lang.AssertionError: The following asserts failed:
	***** test_3_ In FlipKart application the user name is incorrect ***** expected [true] but found [false]
	at org.testng.asserts.SoftAssert.assertAll(SoftAssert.java:43)
	at com.FlipKart.Test.CheckEndToEndFunctionalityTest.test_3_LoginWithCorrectCredentials(CheckEndToEndFunctionalityTest.java:60)
	at sun.reflect.NativeMethodAccessorImpl.invoke0(Native Method)
	at sun.reflect.NativeMethodAccessorImpl.invoke(Unknown Source)
	at sun.reflect.DelegatingMethodAccessorImpl.invoke(Unknown Source)
	at java.lang.reflect.Method.invoke(Unknown Source)
	at org.testng.internal.MethodInvocationHelper.invokeMethod(MethodInvocationHelper.java:85)
	at org.testng.internal.Invoker.invokeMethod(Invoker.java:639)
	at org.testng.internal.Invoker.invokeTestMethod(Invoker.java:816)
	at org.testng.internal.Invoker.invokeTestMethods(Invoker.java:1124)
	at org.testng.internal.TestMethodWorker.invokeTestMethods(TestMethodWorker.java:125)
	at org.testng.internal.TestMethodWorker.run(TestMethodWorker.java:108)
	at org.testng.TestRunner.privateRun(TestRunner.java:774)
	at org.testng.TestRunner.run(TestRunner.java:624)
	at org.testng.SuiteRunner.runTest(SuiteRunner.java:359)
	at org.testng.SuiteRunner.runSequentially(SuiteRunner.java:354)
	at org.testng.SuiteRunner.privateRun(SuiteRunner.java:312)
	at org.testng.SuiteRunner.run(SuiteRunner.java:261)
	at org.testng.SuiteRunnerWorker.runSuite(SuiteRunnerWorker.java:52)
	at org.testng.SuiteRunnerWorker.run(SuiteRunnerWorker.java:86)
	at org.testng.TestNG.runSuitesSequentially(TestNG.java:1215)
	at org.testng.TestNG.runSuitesLocally(TestNG.java:1140)
	at org.testng.TestNG.run(TestNG.java:1048)
	at org.apache.maven.surefire.testng.TestNGExecutor.run(TestNGExecutor.java:77)
	at org.apache.maven.surefire.testng.TestNGDirectoryTestSuite.execute(TestNGDirectoryTestSuite.java:110)
	at org.apache.maven.surefire.testng.TestNGProvider.invoke(TestNGProvider.java:106)
	at sun.reflect.NativeMethodAccessorImpl.invoke0(Native Method)
	at sun.reflect.NativeMethodAccessorImpl.invoke(Unknown Source)
	at sun.reflect.DelegatingMethodAccessorImpl.invoke(Unknown Source)
	at java.lang.reflect.Method.invoke(Unknown Source)
	at org.apache.maven.surefire.util.ReflectionUtils.invokeMethodWithArray(ReflectionUtils.java:189)
	at org.apache.maven.surefire.booter.ProviderFactory$ProviderProxy.invoke(ProviderFactory.java:165)
	at org.apache.maven.surefire.booter.ProviderFactory.invokeProvider(ProviderFactory.java:85)
	at org.apache.maven.surefire.booter.ForkedBooter.runSuitesInProcess(ForkedBooter.java:115)
	at org.apache.maven.surefire.booter.ForkedBooter.main(ForkedBooter.java:75)
]]>
            </full-stacktrace>
          </exception> <!-- java.lang.AssertionError -->
          <reporter-output>
          </reporter-output>
        </test-method> <!-- test_3_LoginWithCorrectCredentials -->
        <test-method status="PASS" signature="tearDown(org.testng.ITestResult)[pri:0, instance:com.FlipKart.Test.CheckEndToEndFunctionalityTest@13a57a3b]" name="tearDown" is-config="true" duration-ms="1667" started-at="2018-05-21T11:54:26Z" finished-at="2018-05-21T11:54:28Z">
          <params>
            <param index="0">
              <value>
                <![CDATA[[TestResult name=test_3_LoginWithCorrectCredentials status=FAILURE method=CheckEndToEndFunctionalityTest.test_3_LoginWithCorrectCredentials()[pri:10, instance:com.FlipKart.Test.CheckEndToEndFunctionalityTest@13a57a3b] output={null}]]]>
              </value>
            </param>
          </params>
          <reporter-output>
          </reporter-output>
        </test-method> <!-- tearDown -->
        <test-method status="PASS" signature="logoutMethod()[pri:0, instance:com.FlipKart.Test.CheckEndToEndFunctionalityTest@13a57a3b]" name="logoutMethod" is-config="true" duration-ms="0" started-at="2018-05-21T11:54:28Z" finished-at="2018-05-21T11:54:28Z">
          <reporter-output>
          </reporter-output>
        </test-method> <!-- logoutMethod -->
        <test-method status="PASS" signature="test_4_SearchProductFromAutosuggestionBox()[pri:15, instance:com.FlipKart.Test.CheckEndToEndFunctionalityTest@13a57a3b]" name="test_4_SearchProductFromAutosuggestionBox" duration-ms="7581" started-at="2018-05-21T11:54:28Z" finished-at="2018-05-21T11:54:36Z">
          <reporter-output>
          </reporter-output>
        </test-method> <!-- test_4_SearchProductFromAutosuggestionBox -->
        <test-method status="PASS" signature="logoutMethod()[pri:0, instance:com.FlipKart.Test.CheckEndToEndFunctionalityTest@13a57a3b]" name="logoutMethod" is-config="true" duration-ms="0" started-at="2018-05-21T11:54:36Z" finished-at="2018-05-21T11:54:36Z">
          <reporter-output>
          </reporter-output>
        </test-method> <!-- logoutMethod -->
        <test-method status="PASS" signature="tearDown(org.testng.ITestResult)[pri:0, instance:com.FlipKart.Test.CheckEndToEndFunctionalityTest@13a57a3b]" name="tearDown" is-config="true" duration-ms="0" started-at="2018-05-21T11:54:36Z" finished-at="2018-05-21T11:54:36Z">
          <params>
            <param index="0">
              <value>
                <![CDATA[[TestResult name=test_4_SearchProductFromAutosuggestionBox status=SUCCESS method=CheckEndToEndFunctionalityTest.test_4_SearchProductFromAutosuggestionBox()[pri:15, instance:com.FlipKart.Test.CheckEndToEndFunctionalityTest@13a57a3b] output={null}]]]>
              </value>
            </param>
          </params>
          <reporter-output>
          </reporter-output>
        </test-method> <!-- tearDown -->
        <test-method status="PASS" signature="closeBrowser()[pri:0, instance:com.FlipKart.Test.CheckEndToEndFunctionalityTest@13a57a3b]" name="closeBrowser" is-config="true" duration-ms="0" started-at="2018-05-21T11:54:36Z" finished-at="2018-05-21T11:54:36Z">
          <reporter-output>
          </reporter-output>
        </test-method> <!-- closeBrowser -->
      </class> <!-- com.FlipKart.Test.CheckEndToEndFunctionalityTest -->
    </test> <!-- Command line test -->
  </suite> <!-- com.FlipKart.Test.CheckEndToEndFunctionalityTest -->
</testng-results>
