<?xml version="1.0" encoding="UTF-8"?>
<testng-results skipped="0" failed="1" total="4" passed="3">
  <reporter-output>
  </reporter-output>
  <suite name="AdjunoGeorgeFoundation" duration-ms="59004" started-at="2018-05-22T05:33:19Z" finished-at="2018-05-22T05:34:18Z">
    <groups>
    </groups>
    <test name="FirefoxTest" duration-ms="59004" started-at="2018-05-22T05:33:19Z" finished-at="2018-05-22T05:34:18Z">
      <class name="com.AdjunoGeorgeFoundation.Test.CheckEndToEndFunctionalityTest">
        <test-method status="PASS" signature="launchBrowser(java.lang.String)[pri:0, instance:com.AdjunoGeorgeFoundation.Test.CheckEndToEndFunctionalityTest@5bcab519]" name="launchBrowser" is-config="true" duration-ms="23080" started-at="2018-05-22T11:03:19Z" finished-at="2018-05-22T11:03:42Z">
          <params>
            <param index="0">
              <value>
                <![CDATA[firefox]]>
              </value>
            </param>
          </params>
          <reporter-output>
          </reporter-output>
        </test-method> <!-- launchBrowser -->
        <test-method status="PASS" signature="test_1_LaunchTheBrowser()[pri:1, instance:com.AdjunoGeorgeFoundation.Test.CheckEndToEndFunctionalityTest@5bcab519]" name="test_1_LaunchTheBrowser" duration-ms="14781" started-at="2018-05-22T11:03:42Z" finished-at="2018-05-22T11:03:57Z">
          <reporter-output>
          </reporter-output>
        </test-method> <!-- test_1_LaunchTheBrowser -->
        <test-method status="PASS" signature="tearDown(org.testng.ITestResult)[pri:0, instance:com.AdjunoGeorgeFoundation.Test.CheckEndToEndFunctionalityTest@5bcab519]" name="tearDown" is-config="true" duration-ms="0" started-at="2018-05-22T11:03:57Z" finished-at="2018-05-22T11:03:57Z">
          <params>
            <param index="0">
              <value>
                <![CDATA[[TestResult name=test_1_LaunchTheBrowser status=SUCCESS method=CheckEndToEndFunctionalityTest.test_1_LaunchTheBrowser()[pri:1, instance:com.AdjunoGeorgeFoundation.Test.CheckEndToEndFunctionalityTest@5bcab519] output={null}]]]>
              </value>
            </param>
          </params>
          <reporter-output>
          </reporter-output>
        </test-method> <!-- tearDown -->
        <test-method status="PASS" signature="test_2_LoginWithIncorrectCredentials()[pri:5, instance:com.AdjunoGeorgeFoundation.Test.CheckEndToEndFunctionalityTest@5bcab519]" name="test_2_LoginWithIncorrectCredentials" duration-ms="1515" started-at="2018-05-22T11:03:57Z" finished-at="2018-05-22T11:03:58Z">
          <reporter-output>
          </reporter-output>
        </test-method> <!-- test_2_LoginWithIncorrectCredentials -->
        <test-method status="PASS" signature="logoutMethod()[pri:0, instance:com.AdjunoGeorgeFoundation.Test.CheckEndToEndFunctionalityTest@5bcab519]" name="logoutMethod" is-config="true" duration-ms="0" started-at="2018-05-22T11:03:57Z" finished-at="2018-05-22T11:03:57Z">
          <reporter-output>
          </reporter-output>
        </test-method> <!-- logoutMethod -->
        <test-method status="PASS" signature="logoutMethod()[pri:0, instance:com.AdjunoGeorgeFoundation.Test.CheckEndToEndFunctionalityTest@5bcab519]" name="logoutMethod" is-config="true" duration-ms="0" started-at="2018-05-22T11:03:58Z" finished-at="2018-05-22T11:03:58Z">
          <reporter-output>
          </reporter-output>
        </test-method> <!-- logoutMethod -->
        <test-method status="PASS" signature="tearDown(org.testng.ITestResult)[pri:0, instance:com.AdjunoGeorgeFoundation.Test.CheckEndToEndFunctionalityTest@5bcab519]" name="tearDown" is-config="true" duration-ms="0" started-at="2018-05-22T11:03:58Z" finished-at="2018-05-22T11:03:58Z">
          <params>
            <param index="0">
              <value>
                <![CDATA[[TestResult name=test_2_LoginWithIncorrectCredentials status=SUCCESS method=CheckEndToEndFunctionalityTest.test_2_LoginWithIncorrectCredentials()[pri:5, instance:com.AdjunoGeorgeFoundation.Test.CheckEndToEndFunctionalityTest@5bcab519] output={null}]]]>
              </value>
            </param>
          </params>
          <reporter-output>
          </reporter-output>
        </test-method> <!-- tearDown -->
        <test-method status="FAIL" signature="test_3_LoginWithCorrectCredentials()[pri:10, instance:com.AdjunoGeorgeFoundation.Test.CheckEndToEndFunctionalityTest@5bcab519]" name="test_3_LoginWithCorrectCredentials" duration-ms="9340" started-at="2018-05-22T11:03:58Z" finished-at="2018-05-22T11:04:08Z">
          <exception class="java.lang.AssertionError">
            <message>
              <![CDATA[The following asserts failed:
	***** test_3_ In FlipKart application the user name is incorrect ***** expected [true] but found [false]]]>
            </message>
            <full-stacktrace>
              <![CDATA[java.lang.AssertionError: The following asserts failed:
	***** test_3_ In FlipKart application the user name is incorrect ***** expected [true] but found [false]
	at org.testng.asserts.SoftAssert.assertAll(SoftAssert.java:43)
	at com.AdjunoGeorgeFoundation.Test.CheckEndToEndFunctionalityTest.test_3_LoginWithCorrectCredentials(CheckEndToEndFunctionalityTest.java:60)
	at sun.reflect.NativeMethodAccessorImpl.invoke0(Native Method)
	at sun.reflect.NativeMethodAccessorImpl.invoke(Unknown Source)
	at sun.reflect.DelegatingMethodAccessorImpl.invoke(Unknown Source)
	at java.lang.reflect.Method.invoke(Unknown Source)
	at org.testng.internal.MethodInvocationHelper.invokeMethod(MethodInvocationHelper.java:85)
	at org.testng.internal.Invoker.invokeMethod(Invoker.java:639)
	at org.testng.internal.Invoker.invokeTestMethod(Invoker.java:816)
	at org.testng.internal.Invoker.invokeTestMethods(Invoker.java:1124)
	at org.testng.internal.TestMethodWorker.invokeTestMethods(TestMethodWorker.java:125)
	at org.testng.internal.TestMethodWorker.run(TestMethodWorker.java:108)
	at org.testng.TestRunner.privateRun(TestRunner.java:774)
	at org.testng.TestRunner.run(TestRunner.java:624)
	at org.testng.SuiteRunner.runTest(SuiteRunner.java:359)
	at org.testng.SuiteRunner.runSequentially(SuiteRunner.java:354)
	at org.testng.SuiteRunner.privateRun(SuiteRunner.java:312)
	at org.testng.SuiteRunner.run(SuiteRunner.java:261)
	at org.testng.SuiteRunnerWorker.runSuite(SuiteRunnerWorker.java:52)
	at org.testng.SuiteRunnerWorker.run(SuiteRunnerWorker.java:86)
	at org.testng.TestNG.runSuitesSequentially(TestNG.java:1215)
	at org.testng.TestNG.runSuitesLocally(TestNG.java:1140)
	at org.testng.TestNG.run(TestNG.java:1048)
	at org.testng.remote.AbstractRemoteTestNG.run(AbstractRemoteTestNG.java:126)
	at org.testng.remote.RemoteTestNG.initAndRun(RemoteTestNG.java:152)
	at org.testng.remote.RemoteTestNG.main(RemoteTestNG.java:57)
]]>
            </full-stacktrace>
          </exception> <!-- java.lang.AssertionError -->
          <reporter-output>
          </reporter-output>
        </test-method> <!-- test_3_LoginWithCorrectCredentials -->
        <test-method status="PASS" signature="tearDown(org.testng.ITestResult)[pri:0, instance:com.AdjunoGeorgeFoundation.Test.CheckEndToEndFunctionalityTest@5bcab519]" name="tearDown" is-config="true" duration-ms="704" started-at="2018-05-22T11:04:08Z" finished-at="2018-05-22T11:04:08Z">
          <params>
            <param index="0">
              <value>
                <![CDATA[[TestResult name=test_3_LoginWithCorrectCredentials status=FAILURE method=CheckEndToEndFunctionalityTest.test_3_LoginWithCorrectCredentials()[pri:10, instance:com.AdjunoGeorgeFoundation.Test.CheckEndToEndFunctionalityTest@5bcab519] output={null}]]]>
              </value>
            </param>
          </params>
          <reporter-output>
          </reporter-output>
        </test-method> <!-- tearDown -->
        <test-method status="PASS" signature="logoutMethod()[pri:0, instance:com.AdjunoGeorgeFoundation.Test.CheckEndToEndFunctionalityTest@5bcab519]" name="logoutMethod" is-config="true" duration-ms="0" started-at="2018-05-22T11:04:08Z" finished-at="2018-05-22T11:04:08Z">
          <reporter-output>
          </reporter-output>
        </test-method> <!-- logoutMethod -->
        <test-method status="PASS" signature="test_4_SearchProductFromAutosuggestionBox()[pri:15, instance:com.AdjunoGeorgeFoundation.Test.CheckEndToEndFunctionalityTest@5bcab519]" name="test_4_SearchProductFromAutosuggestionBox" duration-ms="9374" started-at="2018-05-22T11:04:08Z" finished-at="2018-05-22T11:04:18Z">
          <reporter-output>
          </reporter-output>
        </test-method> <!-- test_4_SearchProductFromAutosuggestionBox -->
        <test-method status="PASS" signature="tearDown(org.testng.ITestResult)[pri:0, instance:com.AdjunoGeorgeFoundation.Test.CheckEndToEndFunctionalityTest@5bcab519]" name="tearDown" is-config="true" duration-ms="0" started-at="2018-05-22T11:04:18Z" finished-at="2018-05-22T11:04:18Z">
          <params>
            <param index="0">
              <value>
                <![CDATA[[TestResult name=test_4_SearchProductFromAutosuggestionBox status=SUCCESS method=CheckEndToEndFunctionalityTest.test_4_SearchProductFromAutosuggestionBox()[pri:15, instance:com.AdjunoGeorgeFoundation.Test.CheckEndToEndFunctionalityTest@5bcab519] output={null}]]]>
              </value>
            </param>
          </params>
          <reporter-output>
          </reporter-output>
        </test-method> <!-- tearDown -->
        <test-method status="PASS" signature="closeBrowser()[pri:0, instance:com.AdjunoGeorgeFoundation.Test.CheckEndToEndFunctionalityTest@5bcab519]" name="closeBrowser" is-config="true" duration-ms="1" started-at="2018-05-22T11:04:18Z" finished-at="2018-05-22T11:04:18Z">
          <reporter-output>
          </reporter-output>
        </test-method> <!-- closeBrowser -->
        <test-method status="PASS" signature="logoutMethod()[pri:0, instance:com.AdjunoGeorgeFoundation.Test.CheckEndToEndFunctionalityTest@5bcab519]" name="logoutMethod" is-config="true" duration-ms="0" started-at="2018-05-22T11:04:18Z" finished-at="2018-05-22T11:04:18Z">
          <reporter-output>
          </reporter-output>
        </test-method> <!-- logoutMethod -->
      </class> <!-- com.AdjunoGeorgeFoundation.Test.CheckEndToEndFunctionalityTest -->
    </test> <!-- FirefoxTest -->
  </suite> <!-- AdjunoGeorgeFoundation -->
</testng-results>
