<?xml version="1.0" encoding="UTF-8"?>
<!-- Generated by org.testng.reporters.JUnitXMLReporter -->
<testsuite hostname="LAPTOP-MUD8M4ML" name="Command line test" tests="4" failures="1" timestamp="21 May 2018 06:24:37 GMT" time="52.935" errors="0">
  <testcase name="test_1_LaunchTheBrowser" time="9.002" classname="com.FlipKart.Test.CheckEndToEndFunctionalityTest"/>
  <testcase name="test_2_LoginWithIncorrectCredentials" time="1.033" classname="com.FlipKart.Test.CheckEndToEndFunctionalityTest"/>
  <testcase name="test_3_LoginWithCorrectCredentials" time="5.595" classname="com.FlipKart.Test.CheckEndToEndFunctionalityTest">
    <failure type="java.lang.AssertionError" message="The following asserts failed:
	***** test_3_ In FlipKart application the user name is incorrect ***** expected [true] but found [false]">
      <![CDATA[java.lang.AssertionError: The following asserts failed:
	***** test_3_ In FlipKart application the user name is incorrect ***** expected [true] but found [false]
	at com.FlipKart.Test.CheckEndToEndFunctionalityTest.test_3_LoginWithCorrectCredentials(CheckEndToEndFunctionalityTest.java:60)
... Removed 34 stack frames]]>
    </failure>
  </testcase> <!-- test_3_LoginWithCorrectCredentials -->
  <testcase name="test_4_SearchProductFromAutosuggestionBox" time="7.581" classname="com.FlipKart.Test.CheckEndToEndFunctionalityTest"/>
</testsuite> <!-- Command line test -->
