<?xml version="1.0" encoding="UTF-8"?>
<!-- Generated by org.testng.reporters.JUnitXMLReporter -->
<testsuite hostname="LAPTOP-MUD8M4ML" name="FirefoxTest" tests="4" failures="1" timestamp="22 May 2018 05:34:18 GMT" time="59.004" errors="0">
  <testcase name="test_1_LaunchTheBrowser" time="14.781" classname="com.AdjunoGeorgeFoundation.Test.CheckEndToEndFunctionalityTest"/>
  <testcase name="test_2_LoginWithIncorrectCredentials" time="1.515" classname="com.AdjunoGeorgeFoundation.Test.CheckEndToEndFunctionalityTest"/>
  <testcase name="test_3_LoginWithCorrectCredentials" time="9.34" classname="com.AdjunoGeorgeFoundation.Test.CheckEndToEndFunctionalityTest">
    <failure type="java.lang.AssertionError" message="The following asserts failed:
	***** test_3_ In FlipKart application the user name is incorrect ***** expected [true] but found [false]">
      <![CDATA[java.lang.AssertionError: The following asserts failed:
	***** test_3_ In FlipKart application the user name is incorrect ***** expected [true] but found [false]
	at com.AdjunoGeorgeFoundation.Test.CheckEndToEndFunctionalityTest.test_3_LoginWithCorrectCredentials(CheckEndToEndFunctionalityTest.java:60)
... Removed 25 stack frames]]>
    </failure>
  </testcase> <!-- test_3_LoginWithCorrectCredentials -->
  <testcase name="test_4_SearchProductFromAutosuggestionBox" time="9.374" classname="com.AdjunoGeorgeFoundation.Test.CheckEndToEndFunctionalityTest"/>
</testsuite> <!-- FirefoxTest -->
